Sample 0:	 result: 1
Sample 1:	 result: 1
Sample 2:	 result: 73
Sample 3:	 result: 257
Sample 4:	 result: 1805
Sample 5:	 C_result: 7	 Keras_result: 5	 Actual_result: 534	 P(7): 0.117160	 P(5): 0.064995	 delta_P: 0.052164
Sample 6:	 result: 65
Sample 7:	 result: 1
Sample 8:	 result: 9
Sample 9:	 result: 3
Sample 10:	 C_result: 1	 Keras_result: 143	 Actual_result: 479	 P(1): 0.047348	 P(143): 0.045251	 delta_P: 0.002097
Sample 11:	 result: 6
Sample 12:	 result: 3
Sample 13:	 result: 198
Sample 14:	 result: 53
Sample 15:	 C_result: 8	 Keras_result: 39	 Actual_result: 8	 P(8): 0.153095	 P(39): 0.057001	 delta_P: 0.096094
Sample 16:	 result: 7
Sample 17:	 result: 333
Sample 18:	 result: 9
Sample 19:	 result: 1
Sample 20:	 result: 1
Sample 21:	 result: 16
Sample 22:	 C_result: 32	 Keras_result: 1	 Actual_result: 143	 P(32): 0.137547	 P(1): 0.135487	 delta_P: 0.002060
Sample 23:	 result: 2637
Sample 24:	 result: 1
Sample 25:	 result: 1
Sample 26:	 result: 9
Sample 27:	 result: 4
Sample 28:	 result: 101
Sample 29:	 result: 1367
Sample 30:	 result: 133
Sample 31:	 C_result: 2	 Keras_result: 1	 Actual_result: 85	 P(2): 0.047206	 P(1): 0.045919	 delta_P: 0.001287
Sample 32:	 C_result: 85	 Keras_result: 73	 Actual_result: 73	 P(85): 0.179604	 P(73): 0.105489	 delta_P: 0.074115
Sample 33:	 result: 1
Sample 34:	 result: 2
Sample 35:	 result: 1
Sample 36:	 result: 12
Sample 37:	 result: 5460
Sample 38:	 C_result: 70	 Keras_result: 22	 Actual_result: 1	 P(70): 0.044867	 P(22): 0.030011	 delta_P: 0.014856
Sample 39:	 result: 9
Sample 40:	 result: 16
Sample 41:	 result: 9
Sample 42:	 result: 1
Sample 43:	 result: 122
Sample 44:	 result: 1
Sample 45:	 result: 4148
Sample 46:	 C_result: 9	 Keras_result: 405	 Actual_result: 5	 P(9): 0.051318	 P(405): 0.051208	 delta_P: 0.000109
Sample 47:	 result: 3
Sample 48:	 result: 7
Sample 49:	 result: 3
Sample 50:	 result: 9
Sample 51:	 result: 8364
Sample 52:	 result: 4
Sample 53:	 result: 384
Sample 54:	 C_result: 540	 Keras_result: 9	 Actual_result: 1983	 P(540): 0.019401	 P(9): 0.016718	 delta_P: 0.002683
Sample 55:	 result: 4
Sample 56:	 result: 17
Sample 57:	 C_result: 85	 Keras_result: 111	 Actual_result: 140	 P(85): 0.036651	 P(111): 0.032277	 delta_P: 0.004374
Sample 58:	 result: 9
Sample 59:	 result: 915
Sample 60:	 result: 301
Sample 61:	 result: 99
Sample 62:	 result: 1407
Sample 63:	 result: 42
Sample 64:	 result: 13
Sample 65:	 result: 6
Sample 66:	 C_result: 278	 Keras_result: 10	 Actual_result: 68	 P(278): 0.041952	 P(10): 0.034873	 delta_P: 0.007079
Sample 67:	 result: 1
Sample 68:	 C_result: 284	 Keras_result: 632	 Actual_result: 449	 P(284): 0.049628	 P(632): 0.034979	 delta_P: 0.014649
Sample 69:	 result: 7
Sample 70:	 result: 2
Sample 71:	 result: 1
Sample 72:	 result: 10
Sample 73:	 result: 1
Sample 74:	 result: 1
Sample 75:	 result: 9114
Sample 76:	 result: 2
Sample 77:	 result: 7
Sample 78:	 result: 3748
Sample 79:	 C_result: 54	 Keras_result: 155	 Actual_result: 140	 P(54): 0.048945	 P(155): 0.046623	 delta_P: 0.002322
Sample 80:	 result: 10
Sample 81:	 result: 4
Sample 82:	 C_result: 3331	 Keras_result: 10	 Actual_result: 395	 P(3331): 0.172876	 P(10): 0.146368	 delta_P: 0.026508
Sample 83:	 C_result: 212	 Keras_result: 5	 Actual_result: 6	 P(212): 0.111960	 P(5): 0.025731	 delta_P: 0.086229
Sample 84:	 result: 2050
Sample 85:	 result: 2
Sample 86:	 result: 1
Sample 87:	 result: 4
Sample 88:	 result: 4
Sample 89:	 C_result: 964	 Keras_result: 185	 Actual_result: 152	 P(964): 0.073867	 P(185): 0.033425	 delta_P: 0.040442
Sample 90:	 result: 3
Sample 91:	 result: 1
Sample 92:	 result: 105
Sample 93:	 result: 9
Sample 94:	 result: 37
Sample 95:	 result: 2
Sample 96:	 result: 2
Sample 97:	 result: 13
Sample 98:	 C_result: 9	 Keras_result: 37	 Actual_result: 273	 P(9): 0.108855	 P(37): 0.093765	 delta_P: 0.015089
Sample 99:	 result: 405
Sample 100:	 result: 1591
Sample 101:	 C_result: 55	 Keras_result: 2	 Actual_result: 1	 P(55): 0.082051	 P(2): 0.025132	 delta_P: 0.056919
Sample 102:	 result: 5
Sample 103:	 result: 1
Sample 104:	 C_result: 3045	 Keras_result: 6	 Actual_result: 6421	 P(3045): 0.028984	 P(6): 0.002983	 delta_P: 0.026001
Sample 105:	 result: 4
Sample 106:	 C_result: 2	 Keras_result: 1	 Actual_result: 2	 P(2): 0.224535	 P(1): 0.210624	 delta_P: 0.013911
Sample 107:	 result: 165
Sample 108:	 result: 51
Sample 109:	 C_result: 108	 Keras_result: 1	 Actual_result: 2085	 P(108): 0.066944	 P(1): 0.048820	 delta_P: 0.018124
Sample 110:	 result: 7252
Sample 111:	 result: 4
Sample 112:	 result: 1
Sample 113:	 result: 13
Sample 114:	 result: 3
Sample 115:	 result: 1265
Sample 116:	 C_result: 2	 Keras_result: 1	 Actual_result: 1	 P(2): 0.296815	 P(1): 0.278582	 delta_P: 0.018233
Sample 117:	 result: 12
Sample 118:	 result: 9352
Sample 119:	 result: 439
Sample 120:	 result: 2
Sample 121:	 result: 1
Sample 122:	 C_result: 12853	 Keras_result: 1	 Actual_result: 887	 P(12853): 0.134251	 P(1): 0.100563	 delta_P: 0.033689
Sample 123:	 result: 1345
Sample 124:	 result: 9
Sample 125:	 result: 33
Sample 126:	 result: 72
Sample 127:	 result: 10
Sample 128:	 result: 5660
Sample 129:	 C_result: 99	 Keras_result: 1	 Actual_result: 2	 P(99): 0.045937	 P(1): 0.033971	 delta_P: 0.011965
Sample 130:	 result: 4
Sample 131:	 C_result: 106	 Keras_result: 15	 Actual_result: 272	 P(106): 0.099230	 P(15): 0.065664	 delta_P: 0.033566
Sample 132:	 result: 1
Sample 133:	 result: 1
Sample 134:	 C_result: 2571	 Keras_result: 1	 Actual_result: 911	 P(2571): 0.115877	 P(1): 0.047281	 delta_P: 0.068596
Sample 135:	 result: 3
Sample 136:	 result: 10
Sample 137:	 result: 3
Sample 138:	 result: 2
Sample 139:	 result: 15
Sample 140:	 result: 6
Sample 141:	 C_result: 9173	 Keras_result: 13802	 Actual_result: 3519	 P(9173): 0.110006	 P(13802): 0.052220	 delta_P: 0.057787
Sample 142:	 C_result: 808	 Keras_result: 4	 Actual_result: 5	 P(808): 0.418238	 P(4): 0.046073	 delta_P: 0.372165
Sample 143:	 result: 1
Sample 144:	 result: 9
Sample 145:	 result: 4
Sample 146:	 C_result: 85	 Keras_result: 88	 Actual_result: 96	 P(85): 0.065088	 P(88): 0.037411	 delta_P: 0.027678
Sample 147:	 result: 129
Sample 148:	 result: 87
Sample 149:	 result: 4
Sample 150:	 result: 1
Sample 151:	 C_result: 9329	 Keras_result: 167	 Actual_result: 844	 P(9329): 0.060249	 P(167): 0.030564	 delta_P: 0.029685
Sample 152:	 result: 9
Sample 153:	 C_result: 4548	 Keras_result: 16	 Actual_result: 928	 P(4548): 0.081526	 P(16): 0.053839	 delta_P: 0.027687
Sample 154:	 C_result: 12	 Keras_result: 6	 Actual_result: 29	 P(12): 0.248637	 P(6): 0.225417	 delta_P: 0.023219
Sample 155:	 result: 23
Sample 156:	 result: 23
Sample 157:	 C_result: 123	 Keras_result: 5	 Actual_result: 46	 P(123): 0.060382	 P(5): 0.037092	 delta_P: 0.023290
Sample 158:	 C_result: 20	 Keras_result: 9	 Actual_result: 2664	 P(20): 0.087738	 P(9): 0.054005	 delta_P: 0.033733
Sample 159:	 result: 11
Sample 160:	 result: 65
Sample 161:	 result: 42
Sample 162:	 result: 1371
Sample 163:	 result: 19
Sample 164:	 result: 5
Sample 165:	 result: 9
Sample 166:	 result: 165
Sample 167:	 result: 9
Sample 168:	 result: 13
Sample 169:	 result: 1
Sample 170:	 result: 5
Sample 171:	 result: 54
Sample 172:	 result: 1
Sample 173:	 result: 2
Sample 174:	 C_result: 22	 Keras_result: 1	 Actual_result: 27	 P(22): 0.057134	 P(1): 0.036008	 delta_P: 0.021126
Sample 175:	 result: 75
Sample 176:	 C_result: 9647	 Keras_result: 22	 Actual_result: 571	 P(9647): 0.036199	 P(22): 0.018906	 delta_P: 0.017293
Sample 177:	 result: 41
Sample 178:	 result: 6
Sample 179:	 result: 3
Sample 180:	 result: 2
Sample 181:	 result: 4598
Sample 182:	 result: 1
Sample 183:	 result: 12
Sample 184:	 result: 6070
Sample 185:	 result: 2
Sample 186:	 result: 2
Sample 187:	 C_result: 1492	 Keras_result: 2	 Actual_result: 3523	 P(1492): 0.070350	 P(2): 0.070341	 delta_P: 0.000009
Sample 188:	 C_result: 53	 Keras_result: 72	 Actual_result: 213	 P(53): 0.262411	 P(72): 0.217457	 delta_P: 0.044954
Sample 189:	 C_result: 7	 Keras_result: 5	 Actual_result: 3	 P(7): 0.202158	 P(5): 0.119769	 delta_P: 0.082390
Sample 190:	 result: 7
Sample 191:	 result: 2
Sample 192:	 result: 869
Sample 193:	 C_result: 492	 Keras_result: 1	 Actual_result: 28	 P(492): 0.086695	 P(1): 0.084969	 delta_P: 0.001726
Sample 194:	 result: 3
Sample 195:	 result: 1
Sample 196:	 result: 9
Sample 197:	 result: 16
Sample 198:	 C_result: 1	 Keras_result: 12	 Actual_result: 12	 P(1): 0.335432	 P(12): 0.111611	 delta_P: 0.223821
Sample 199:	 result: 1
Sample 200:	 result: 3
Sample 201:	 C_result: 29	 Keras_result: 17	 Actual_result: 7	 P(29): 0.154652	 P(17): 0.152450	 delta_P: 0.002202
Sample 202:	 result: 51
Sample 203:	 result: 74
Sample 204:	 result: 9
Sample 205:	 result: 13
Sample 206:	 C_result: 37	 Keras_result: 9	 Actual_result: 1082	 P(37): 0.034463	 P(9): 0.021704	 delta_P: 0.012759
Sample 207:	 C_result: 148	 Keras_result: 10	 Actual_result: 148	 P(148): 0.073326	 P(10): 0.053824	 delta_P: 0.019501
Sample 208:	 result: 258
Sample 209:	 C_result: 1265	 Keras_result: 44	 Actual_result: 557	 P(1265): 0.081486	 P(44): 0.041484	 delta_P: 0.040002
Sample 210:	 result: 7
Sample 211:	 result: 3
Sample 212:	 result: 3
Sample 213:	 result: 1
Sample 214:	 result: 1
Sample 215:	 result: 4
Sample 216:	 result: 1
Sample 217:	 result: 5
Sample 218:	 result: 6990
Sample 219:	 result: 1
Sample 220:	 result: 1
Sample 221:	 result: 7
Sample 222:	 C_result: 3	 Keras_result: 11	 Actual_result: 3	 P(3): 0.338467	 P(11): 0.219786	 delta_P: 0.118681
Sample 223:	 result: 9
Sample 224:	 result: 257
Sample 225:	 result: 5
Sample 226:	 result: 1
Sample 227:	 result: 4
Sample 228:	 result: 1
Sample 229:	 result: 9
Sample 230:	 result: 6
Sample 231:	 result: 17
Sample 232:	 result: 6
Sample 233:	 result: 5
Sample 234:	 result: 54
Sample 235:	 result: 62
Sample 236:	 result: 10
Sample 237:	 result: 1923
Sample 238:	 result: 33
Sample 239:	 result: 3
Sample 240:	 result: 130
Sample 241:	 result: 4
Sample 242:	 C_result: 2	 Keras_result: 1	 Actual_result: 4255	 P(2): 0.054481	 P(1): 0.051751	 delta_P: 0.002730
Sample 243:	 result: 4
Sample 244:	 result: 4
Sample 245:	 result: 182
Sample 246:	 C_result: 2037	 Keras_result: 2	 Actual_result: 8219	 P(2037): 0.160937	 P(2): 0.044222	 delta_P: 0.116715
Sample 247:	 result: 4
Sample 248:	 result: 13
Sample 249:	 C_result: 949	 Keras_result: 107	 Actual_result: 167	 P(949): 0.052893	 P(107): 0.015039	 delta_P: 0.037854
Sample 250:	 result: 3922
Sample 251:	 result: 2388
Sample 252:	 result: 16
Sample 253:	 result: 1
Sample 254:	 C_result: 87	 Keras_result: 9	 Actual_result: 170	 P(87): 0.036278	 P(9): 0.016045	 delta_P: 0.020234
Sample 255:	 C_result: 694	 Keras_result: 3	 Actual_result: 357	 P(694): 0.163886	 P(3): 0.030996	 delta_P: 0.132890
Sample 256:	 result: 1
Sample 257:	 result: 2
Sample 258:	 result: 4
Sample 259:	 result: 9
Sample 260:	 result: 4
Sample 261:	 result: 2
Sample 262:	 result: 10
Sample 263:	 result: 53
Sample 264:	 result: 10
Sample 265:	 result: 30
Sample 266:	 result: 16
Sample 267:	 C_result: 11	 Keras_result: 4	 Actual_result: 96	 P(11): 0.130712	 P(4): 0.059111	 delta_P: 0.071601
Sample 268:	 result: 1
Sample 269:	 result: 54
Sample 270:	 C_result: 186	 Keras_result: 5	 Actual_result: 69	 P(186): 0.276906	 P(5): 0.098439	 delta_P: 0.178467
Sample 271:	 result: 1558
Sample 272:	 result: 13
Sample 273:	 result: 54
Sample 274:	 result: 210
Sample 275:	 result: 15
Sample 276:	 result: 1
Sample 277:	 result: 108
Sample 278:	 result: 24
Sample 279:	 result: 357
Sample 280:	 C_result: 3	 Keras_result: 10	 Actual_result: 45	 P(3): 0.072612	 P(10): 0.052823	 delta_P: 0.019789
Sample 281:	 result: 4
Sample 282:	 result: 159
Sample 283:	 result: 4
Sample 284:	 result: 1
Sample 285:	 result: 1
Sample 286:	 result: 31
Sample 287:	 result: 81
Sample 288:	 result: 70
Sample 289:	 result: 227
Sample 290:	 C_result: 392	 Keras_result: 1	 Actual_result: 1	 P(392): 0.177796	 P(1): 0.048595	 delta_P: 0.129201
Sample 291:	 result: 3
Sample 292:	 result: 4414
Sample 293:	 result: 1
Sample 294:	 C_result: 2	 Keras_result: 1	 Actual_result: 9576	 P(2): 0.135524	 P(1): 0.125560	 delta_P: 0.009963
Sample 295:	 result: 54
Sample 296:	 result: 1
Sample 297:	 result: 7
Sample 298:	 C_result: 68	 Keras_result: 5	 Actual_result: 348	 P(68): 0.095677	 P(5): 0.071593	 delta_P: 0.024084
Sample 299:	 result: 5953
Sample 300:	 result: 1
Sample 301:	 result: 3
Sample 302:	 C_result: 1200	 Keras_result: 22	 Actual_result: 1487	 P(1200): 0.057777	 P(22): 0.018797	 delta_P: 0.038980
Sample 303:	 C_result: 16	 Keras_result: 6	 Actual_result: 96	 P(16): 0.222976	 P(6): 0.115511	 delta_P: 0.107464
Sample 304:	 result: 37
Sample 305:	 result: 1
Sample 306:	 result: 15629
Sample 307:	 result: 9
Sample 308:	 result: 58
Sample 309:	 result: 2
Sample 310:	 C_result: 431	 Keras_result: 1	 Actual_result: 2	 P(431): 0.081533	 P(1): 0.049851	 delta_P: 0.031682
Sample 311:	 result: 11
Sample 312:	 result: 1
Sample 313:	 result: 4352
Sample 314:	 result: 572
Sample 315:	 result: 1
Sample 316:	 result: 48
Sample 317:	 result: 1
Sample 318:	 C_result: 1051	 Keras_result: 5	 Actual_result: 195	 P(1051): 0.062701	 P(5): 0.052791	 delta_P: 0.009910
Sample 319:	 result: 4
Sample 320:	 result: 3
Sample 321:	 result: 3
Sample 322:	 result: 1
Sample 323:	 C_result: 4	 Keras_result: 7	 Actual_result: 29	 P(4): 0.244521	 P(7): 0.167923	 delta_P: 0.076597
Sample 324:	 result: 5
Sample 325:	 result: 9
Sample 326:	 C_result: 3	 Keras_result: 5	 Actual_result: 6	 P(3): 0.261902	 P(5): 0.176233	 delta_P: 0.085669
Sample 327:	 result: 1
Sample 328:	 result: 443
Sample 329:	 result: 138
Sample 330:	 result: 2
Sample 331:	 result: 4
Sample 332:	 result: 114
Sample 333:	 result: 2
Sample 334:	 result: 22
Sample 335:	 C_result: 54	 Keras_result: 1388	 Actual_result: 54	 P(54): 0.054347	 P(1388): 0.031262	 delta_P: 0.023085
Sample 336:	 result: 2
Sample 337:	 C_result: 1072	 Keras_result: 111	 Actual_result: 5645	 P(1072): 0.050673	 P(111): 0.048336	 delta_P: 0.002338
Sample 338:	 result: 4
Sample 339:	 result: 1
Sample 340:	 C_result: 39	 Keras_result: 3	 Actual_result: 2745	 P(39): 0.160240	 P(3): 0.085852	 delta_P: 0.074387
Sample 341:	 result: 44
Sample 342:	 result: 1
Sample 343:	 result: 5
Sample 344:	 C_result: 443	 Keras_result: 30	 Actual_result: 25	 P(443): 0.086525	 P(30): 0.083913	 delta_P: 0.002612
Sample 345:	 result: 1
Sample 346:	 result: 1
Sample 347:	 result: 2
Sample 348:	 C_result: 101	 Keras_result: 70	 Actual_result: 3549	 P(101): 0.061192	 P(70): 0.052827	 delta_P: 0.008365
Sample 349:	 result: 1700
Sample 350:	 result: 1
Sample 351:	 C_result: 201	 Keras_result: 52	 Actual_result: 2410	 P(201): 0.111752	 P(52): 0.079902	 delta_P: 0.031850
Sample 352:	 result: 9
Sample 353:	 result: 51
Sample 354:	 result: 1538
Sample 355:	 result: 82
Sample 356:	 result: 37
Sample 357:	 result: 6
Sample 358:	 C_result: 333	 Keras_result: 3	 Actual_result: 217	 P(333): 0.064155	 P(3): 0.042744	 delta_P: 0.021412
Sample 359:	 result: 217
Sample 360:	 result: 13
Sample 361:	 result: 17
Sample 362:	 C_result: 37	 Keras_result: 262	 Actual_result: 297	 P(37): 0.034198	 P(262): 0.023899	 delta_P: 0.010300
Sample 363:	 result: 73
Sample 364:	 result: 37
Sample 365:	 C_result: 1143	 Keras_result: 43	 Actual_result: 341	 P(1143): 0.040061	 P(43): 0.038471	 delta_P: 0.001590
Sample 366:	 result: 9
Sample 367:	 result: 185
Sample 368:	 result: 1
Sample 369:	 result: 1453
Sample 370:	 result: 15
Sample 371:	 C_result: 12	 Keras_result: 7	 Actual_result: 7	 P(12): 0.218795	 P(7): 0.193803	 delta_P: 0.024992
Sample 372:	 result: 53
Sample 373:	 result: 7
Sample 374:	 C_result: 25	 Keras_result: 6	 Actual_result: 1218	 P(25): 0.091364	 P(6): 0.074475	 delta_P: 0.016889
Sample 375:	 result: 38
Sample 376:	 result: 2047
Sample 377:	 result: 12
Sample 378:	 result: 6
Sample 379:	 result: 3
Sample 380:	 result: 302
Sample 381:	 result: 274
Sample 382:	 result: 58
Sample 383:	 C_result: 10	 Keras_result: 5	 Actual_result: 4	 P(10): 0.258641	 P(5): 0.057570	 delta_P: 0.201071
Sample 384:	 result: 16
Sample 385:	 C_result: 274	 Keras_result: 11	 Actual_result: 1448	 P(274): 0.082652	 P(11): 0.028880	 delta_P: 0.053772
Sample 386:	 result: 74
Sample 387:	 C_result: 21	 Keras_result: 7	 Actual_result: 27	 P(21): 0.231489	 P(7): 0.190527	 delta_P: 0.040962
Sample 388:	 result: 10
Sample 389:	 result: 9
Sample 390:	 result: 2
Sample 391:	 result: 1
Sample 392:	 result: 4
Sample 393:	 C_result: 1810	 Keras_result: 3129	 Actual_result: 40	 P(1810): 0.076325	 P(3129): 0.037190	 delta_P: 0.039135
Sample 394:	 result: 2
Sample 395:	 result: 5
Sample 396:	 C_result: 17	 Keras_result: 4	 Actual_result: 4	 P(17): 0.174461	 P(4): 0.099166	 delta_P: 0.075296
Sample 397:	 result: 4
Sample 398:	 result: 2
Sample 399:	 result: 22
Sample 400:	 result: 2091
Sample 401:	 C_result: 493	 Keras_result: 1	 Actual_result: 1	 P(493): 0.447253	 P(1): 0.350018	 delta_P: 0.097235
Sample 402:	 result: 5
Sample 403:	 result: 30
Sample 404:	 result: 20
Sample 405:	 result: 104
Sample 406:	 result: 4
Sample 407:	 result: 1
Sample 408:	 result: 9
Sample 409:	 result: 112
Sample 410:	 result: 120
Sample 411:	 result: 4
Sample 412:	 result: 10
Sample 413:	 result: 1
Sample 414:	 result: 8
Sample 415:	 C_result: 22	 Keras_result: 70	 Actual_result: 1629	 P(22): 0.028824	 P(70): 0.028571	 delta_P: 0.000253
Sample 416:	 result: 5
Sample 417:	 result: 1
Sample 418:	 result: 10
Sample 419:	 C_result: 1	 Keras_result: 6	 Actual_result: 5290	 P(1): 0.108076	 P(6): 0.052429	 delta_P: 0.055647
Sample 420:	 C_result: 2	 Keras_result: 2555	 Actual_result: 251	 P(2): 0.072155	 P(2555): 0.069680	 delta_P: 0.002475
Sample 421:	 result: 5
Sample 422:	 result: 5
Sample 423:	 result: 41
Sample 424:	 C_result: 20	 Keras_result: 147	 Actual_result: 147	 P(20): 0.232941	 P(147): 0.161225	 delta_P: 0.071716
Sample 425:	 result: 257
Sample 426:	 result: 1
Sample 427:	 result: 54
Sample 428:	 result: 22
Sample 429:	 result: 258
Sample 430:	 C_result: 20	 Keras_result: 9	 Actual_result: 114	 P(20): 0.074288	 P(9): 0.051682	 delta_P: 0.022607
Sample 431:	 result: 29
Sample 432:	 result: 166
Sample 433:	 result: 2263
Sample 434:	 result: 4
Sample 435:	 result: 4
Sample 436:	 result: 796
Sample 437:	 C_result: 86	 Keras_result: 21	 Actual_result: 265	 P(86): 0.079093	 P(21): 0.043000	 delta_P: 0.036093
Sample 438:	 result: 7
Sample 439:	 result: 6
Sample 440:	 result: 70
Sample 441:	 result: 5
Sample 442:	 C_result: 4	 Keras_result: 6	 Actual_result: 24	 P(4): 0.150675	 P(6): 0.123886	 delta_P: 0.026790
Sample 443:	 result: 6
Sample 444:	 result: 3
Sample 445:	 result: 4
Sample 446:	 result: 13
Sample 447:	 result: 1
Sample 448:	 result: 16
Sample 449:	 result: 178
Sample 450:	 C_result: 10	 Keras_result: 3	 Actual_result: 8691	 P(10): 0.107193	 P(3): 0.101652	 delta_P: 0.005541
Sample 451:	 result: 329
Sample 452:	 result: 73
Sample 453:	 result: 1
Sample 454:	 result: 22
Sample 455:	 result: 22
Sample 456:	 result: 1
Sample 457:	 result: 1
Sample 458:	 result: 23
Sample 459:	 result: 6
Sample 460:	 result: 1
Sample 461:	 C_result: 22	 Keras_result: 7	 Actual_result: 758	 P(22): 0.075200	 P(7): 0.027484	 delta_P: 0.047716
Sample 462:	 result: 1
Sample 463:	 result: 61
Sample 464:	 result: 198
Sample 465:	 result: 2
Sample 466:	 result: 4
Sample 467:	 result: 10
Sample 468:	 C_result: 4668	 Keras_result: 4	 Actual_result: 276	 P(4668): 0.122392	 P(4): 0.068474	 delta_P: 0.053918
Sample 469:	 result: 10054
Sample 470:	 result: 2
Sample 471:	 result: 7787
Sample 472:	 C_result: 403	 Keras_result: 16	 Actual_result: 601	 P(403): 0.067228	 P(16): 0.017132	 delta_P: 0.050096
Sample 473:	 result: 6
Sample 474:	 result: 9902
Sample 475:	 result: 5
Sample 476:	 result: 2463
Sample 477:	 result: 3
Sample 478:	 result: 9
Sample 479:	 C_result: 120	 Keras_result: 63	 Actual_result: 9179	 P(120): 0.089372	 P(63): 0.080783	 delta_P: 0.008589
Sample 480:	 C_result: 615	 Keras_result: 42	 Actual_result: 613	 P(615): 0.031745	 P(42): 0.023723	 delta_P: 0.008021
Sample 481:	 result: 29
Sample 482:	 result: 13
Sample 483:	 C_result: 70	 Keras_result: 22	 Actual_result: 427	 P(70): 0.043795	 P(22): 0.034141	 delta_P: 0.009653
Sample 484:	 result: 5
Sample 485:	 result: 1
Sample 486:	 result: 3540
Sample 487:	 result: 1
Sample 488:	 result: 4746
Sample 489:	 result: 9
Sample 490:	 result: 17
Sample 491:	 result: 72
Sample 492:	 result: 1
Sample 493:	 result: 1
Sample 494:	 C_result: 2	 Keras_result: 1	 Actual_result: 1	 P(2): 0.378209	 P(1): 0.275417	 delta_P: 0.102793
Sample 495:	 result: 4090
Sample 496:	 C_result: 22	 Keras_result: 19	 Actual_result: 674	 P(22): 0.086737	 P(19): 0.083793	 delta_P: 0.002944
Sample 497:	 result: 1
Sample 498:	 result: 8
Sample 499:	 result: 9
Sample 500:	 result: 3
Sample 501:	 result: 6
Sample 502:	 result: 3
Sample 503:	 result: 69
Sample 504:	 result: 443
Sample 505:	 result: 1
Sample 506:	 result: 2
Sample 507:	 result: 9
Sample 508:	 result: 1
Sample 509:	 result: 8
Sample 510:	 result: 9
Sample 511:	 result: 37
Sample 512:	 result: 5
Sample 513:	 result: 81
Sample 514:	 result: 565
Sample 515:	 result: 416
Sample 516:	 result: 1
Sample 517:	 C_result: 1841	 Keras_result: 22	 Actual_result: 43	 P(1841): 0.053873	 P(22): 0.048895	 delta_P: 0.004978
Sample 518:	 result: 1
Sample 519:	 result: 2
Sample 520:	 result: 1
Sample 521:	 result: 22
Sample 522:	 result: 16
Sample 523:	 result: 295
Sample 524:	 result: 9
Sample 525:	 C_result: 4	 Keras_result: 6	 Actual_result: 5	 P(4): 0.174089	 P(6): 0.168526	 delta_P: 0.005563
Sample 526:	 result: 1
Sample 527:	 result: 50
Sample 528:	 result: 4
Sample 529:	 C_result: 360	 Keras_result: 215	 Actual_result: 1785	 P(360): 0.082353	 P(215): 0.075802	 delta_P: 0.006550
Sample 530:	 result: 166
Sample 531:	 result: 332
Sample 532:	 result: 2
Sample 533:	 C_result: 4	 Keras_result: 11	 Actual_result: 3	 P(4): 0.126310	 P(11): 0.111765	 delta_P: 0.014545
Sample 534:	 C_result: 350	 Keras_result: 4357	 Actual_result: 3	 P(350): 0.129979	 P(4357): 0.059258	 delta_P: 0.070721
Sample 535:	 result: 27
Sample 536:	 result: 1
Sample 537:	 result: 5596
Sample 538:	 result: 15
Sample 539:	 C_result: 10	 Keras_result: 3	 Actual_result: 3	 P(10): 0.260550	 P(3): 0.175611	 delta_P: 0.084940
Sample 540:	 result: 9
Sample 541:	 result: 87
Sample 542:	 result: 4
Sample 543:	 C_result: 4	 Keras_result: 6	 Actual_result: 16	 P(4): 0.128766	 P(6): 0.053307	 delta_P: 0.075459
Sample 544:	 result: 58
Sample 545:	 result: 1063
Sample 546:	 result: 21
Sample 547:	 result: 249
Sample 548:	 result: 13
Sample 549:	 result: 1
Sample 550:	 C_result: 3	 Keras_result: 4	 Actual_result: 5	 P(3): 0.090985	 P(4): 0.079481	 delta_P: 0.011503
Sample 551:	 result: 90
Sample 552:	 result: 3
Sample 553:	 result: 1
Sample 554:	 C_result: 72	 Keras_result: 89	 Actual_result: 266	 P(72): 0.181586	 P(89): 0.044875	 delta_P: 0.136711
Sample 555:	 result: 15
Sample 556:	 result: 1809
Sample 557:	 result: 9
Sample 558:	 result: 3
Sample 559:	 result: 23
Sample 560:	 result: 138
Sample 561:	 result: 26
Sample 562:	 result: 182
Sample 563:	 result: 618
Sample 564:	 result: 6
Sample 565:	 result: 2
Sample 566:	 result: 1
Sample 567:	 result: 4
Sample 568:	 result: 6
Sample 569:	 result: 3
Sample 570:	 result: 1
Sample 571:	 result: 24
Sample 572:	 C_result: 4987	 Keras_result: 2	 Actual_result: 146	 P(4987): 0.068069	 P(2): 0.065548	 delta_P: 0.002521
Sample 573:	 result: 9
Sample 574:	 C_result: 37	 Keras_result: 9	 Actual_result: 70	 P(37): 0.070261	 P(9): 0.066864	 delta_P: 0.003396
Sample 575:	 result: 250
Sample 576:	 result: 37
Sample 577:	 result: 42
Sample 578:	 result: 3
Sample 579:	 result: 1
Sample 580:	 result: 3
Sample 581:	 result: 42
Sample 582:	 result: 73
Sample 583:	 result: 7
Sample 584:	 C_result: 70	 Keras_result: 346	 Actual_result: 2117	 P(70): 0.188265	 P(346): 0.161138	 delta_P: 0.027127
Sample 585:	 result: 226
Sample 586:	 result: 12
Sample 587:	 C_result: 55	 Keras_result: 7	 Actual_result: 2	 P(55): 0.054784	 P(7): 0.032748	 delta_P: 0.022037
Sample 588:	 result: 10
Sample 589:	 result: 9
Sample 590:	 result: 6
Sample 591:	 result: 109
Sample 592:	 result: 5
Sample 593:	 result: 26
Sample 594:	 result: 1588
Sample 595:	 C_result: 4	 Keras_result: 5	 Actual_result: 6	 P(4): 0.177478	 P(5): 0.113898	 delta_P: 0.063580
Sample 596:	 result: 54
Sample 597:	 result: 8
Sample 598:	 C_result: 3	 Keras_result: 12	 Actual_result: 24	 P(3): 0.068710	 P(12): 0.058072	 delta_P: 0.010639
Sample 599:	 C_result: 19	 Keras_result: 22	 Actual_result: 103	 P(19): 0.038749	 P(22): 0.032762	 delta_P: 0.005987
Sample 600:	 result: 27
Sample 601:	 result: 10
Sample 602:	 result: 39
Sample 603:	 C_result: 87	 Keras_result: 19	 Actual_result: 1664	 P(87): 0.031896	 P(19): 0.010153	 delta_P: 0.021743
Sample 604:	 result: 3
Sample 605:	 result: 5
Sample 606:	 result: 8
Sample 607:	 C_result: 5346	 Keras_result: 210	 Actual_result: 87	 P(5346): 0.122022	 P(210): 0.103724	 delta_P: 0.018299
Sample 608:	 result: 7
Sample 609:	 result: 37
Sample 610:	 result: 8
Sample 611:	 result: 27
Sample 612:	 result: 9
Sample 613:	 result: 1
Sample 614:	 result: 3
Sample 615:	 result: 1
Sample 616:	 C_result: 3846	 Keras_result: 262	 Actual_result: 22	 P(3846): 0.130174	 P(262): 0.084325	 delta_P: 0.045849
Sample 617:	 result: 9
Sample 618:	 result: 754
Sample 619:	 result: 2
Sample 620:	 result: 7
Sample 621:	 result: 407
Sample 622:	 result: 9
Sample 623:	 result: 1
Sample 624:	 C_result: 4	 Keras_result: 17	 Actual_result: 11	 P(4): 0.162659	 P(17): 0.159064	 delta_P: 0.003595
Sample 625:	 result: 17
Sample 626:	 result: 34
Sample 627:	 C_result: 1759	 Keras_result: 51	 Actual_result: 48	 P(1759): 0.259235	 P(51): 0.130263	 delta_P: 0.128972
Sample 628:	 result: 54
Sample 629:	 C_result: 360	 Keras_result: 2	 Actual_result: 1106	 P(360): 0.072156	 P(2): 0.041570	 delta_P: 0.030586
Sample 630:	 result: 48
Sample 631:	 result: 11
Sample 632:	 C_result: 245	 Keras_result: 1	 Actual_result: 453	 P(245): 0.130421	 P(1): 0.107497	 delta_P: 0.022924
Sample 633:	 result: 9
Sample 634:	 result: 1
Sample 635:	 result: 2
Sample 636:	 result: 2
Sample 637:	 result: 23
Sample 638:	 result: 54
Sample 639:	 result: 1
Sample 640:	 result: 239
Sample 641:	 result: 1
Sample 642:	 result: 144
Sample 643:	 result: 1
Sample 644:	 result: 10
Sample 645:	 result: 2
Sample 646:	 result: 72
Sample 647:	 result: 12
Sample 648:	 result: 21
Sample 649:	 result: 9
Sample 650:	 result: 1
Sample 651:	 result: 1
Sample 652:	 C_result: 4	 Keras_result: 6	 Actual_result: 4	 P(4): 0.261372	 P(6): 0.190534	 delta_P: 0.070838
Sample 653:	 C_result: 10	 Keras_result: 4	 Actual_result: 27	 P(10): 0.148630	 P(4): 0.089644	 delta_P: 0.058987
Sample 654:	 result: 165
Sample 655:	 result: 51
Sample 656:	 C_result: 31	 Keras_result: 9	 Actual_result: 934	 P(31): 0.049978	 P(9): 0.032299	 delta_P: 0.017680
Sample 657:	 result: 3
Sample 658:	 result: 9532
Sample 659:	 result: 4
Sample 660:	 result: 29
Sample 661:	 result: 19
Sample 662:	 result: 7
Sample 663:	 result: 828
Sample 664:	 result: 19
Sample 665:	 result: 9
Sample 666:	 result: 9
Sample 667:	 result: 4
Sample 668:	 result: 3
Sample 669:	 result: 4414
Sample 670:	 C_result: 12	 Keras_result: 5	 Actual_result: 5429	 P(12): 0.193411	 P(5): 0.095195	 delta_P: 0.098216
Sample 671:	 result: 1
Sample 672:	 result: 3
Sample 673:	 result: 10
Sample 674:	 C_result: 92	 Keras_result: 22	 Actual_result: 887	 P(92): 0.033398	 P(22): 0.011810	 delta_P: 0.021588
Sample 675:	 result: 4
Sample 676:	 result: 10
Sample 677:	 C_result: 87	 Keras_result: 50	 Actual_result: 63	 P(87): 0.032834	 P(50): 0.026103	 delta_P: 0.006732
Sample 678:	 result: 7
Sample 679:	 result: 9838
Sample 680:	 result: 1
Sample 681:	 result: 7335
Sample 682:	 result: 2
Sample 683:	 result: 2
Sample 684:	 result: 50
Sample 685:	 result: 782
Sample 686:	 result: 3
Sample 687:	 result: 1
Sample 688:	 result: 4
Sample 689:	 result: 22
Sample 690:	 result: 4035
Sample 691:	 result: 1
Sample 692:	 result: 165
Sample 693:	 C_result: 11	 Keras_result: 4	 Actual_result: 4	 P(11): 0.284697	 P(4): 0.204667	 delta_P: 0.080030
Sample 694:	 result: 6
Sample 695:	 result: 2
Sample 696:	 C_result: 3	 Keras_result: 357	 Actual_result: 23	 P(3): 0.104652	 P(357): 0.088118	 delta_P: 0.016533
Sample 697:	 result: 210
Sample 698:	 result: 5
Sample 699:	 result: 22
Sample 700:	 result: 101
Sample 701:	 C_result: 817	 Keras_result: 9	 Actual_result: 187	 P(817): 0.054008	 P(9): 0.050365	 delta_P: 0.003643
Sample 702:	 result: 8
Sample 703:	 result: 3
Sample 704:	 result: 9
Sample 705:	 result: 2
Sample 706:	 result: 4
Sample 707:	 result: 1
Sample 708:	 C_result: 790	 Keras_result: 6	 Actual_result: 994	 P(790): 0.099410	 P(6): 0.098883	 delta_P: 0.000527
Sample 709:	 result: 3
Sample 710:	 result: 57
Sample 711:	 result: 253
Sample 712:	 result: 2
Sample 713:	 result: 70
Sample 714:	 result: 1
Sample 715:	 result: 6
Sample 716:	 result: 4
Sample 717:	 C_result: 58	 Keras_result: 2	 Actual_result: 1	 P(58): 0.332481	 P(2): 0.119391	 delta_P: 0.213090
Sample 718:	 result: 200
Sample 719:	 result: 9
Sample 720:	 result: 3
Sample 721:	 result: 30
Sample 722:	 result: 12984
Sample 723:	 C_result: 4	 Keras_result: 5	 Actual_result: 890	 P(4): 0.082061	 P(5): 0.076684	 delta_P: 0.005378
Sample 724:	 result: 8
Sample 725:	 result: 1
Sample 726:	 result: 9
Sample 727:	 C_result: 3	 Keras_result: 6	 Actual_result: 47	 P(3): 0.063920	 P(6): 0.058566	 delta_P: 0.005354
Sample 728:	 C_result: 736	 Keras_result: 3	 Actual_result: 736	 P(736): 0.097514	 P(3): 0.096208	 delta_P: 0.001306
Sample 729:	 result: 2
Sample 730:	 result: 20
Sample 731:	 result: 3
Sample 732:	 result: 1035
Sample 733:	 C_result: 5	 Keras_result: 4	 Actual_result: 4	 P(5): 0.224257	 P(4): 0.132410	 delta_P: 0.091847
Sample 734:	 C_result: 70	 Keras_result: 22	 Actual_result: 63	 P(70): 0.037963	 P(22): 0.032514	 delta_P: 0.005449
Sample 735:	 result: 22
Sample 736:	 result: 182
Sample 737:	 result: 6
Sample 738:	 C_result: 6	 Keras_result: 4	 Actual_result: 46	 P(6): 0.144772	 P(4): 0.067924	 delta_P: 0.076848
Sample 739:	 result: 9
Sample 740:	 result: 374
Sample 741:	 result: 15
Sample 742:	 result: 1
Sample 743:	 C_result: 2	 Keras_result: 1	 Actual_result: 33	 P(2): 0.177872	 P(1): 0.155722	 delta_P: 0.022150
Sample 744:	 result: 7
Sample 745:	 C_result: 7	 Keras_result: 4	 Actual_result: 39	 P(7): 0.098202	 P(4): 0.051080	 delta_P: 0.047122
Sample 746:	 result: 26
Sample 747:	 result: 3
Sample 748:	 result: 13
Sample 749:	 result: 9
Sample 750:	 result: 2
Sample 751:	 result: 3
Sample 752:	 result: 39
Sample 753:	 result: 1
Sample 754:	 result: 1
Sample 755:	 result: 748
Sample 756:	 C_result: 261	 Keras_result: 179	 Actual_result: 336	 P(261): 0.105205	 P(179): 0.063850	 delta_P: 0.041356
Sample 757:	 result: 1
Sample 758:	 result: 96
Sample 759:	 result: 4
Sample 760:	 result: 22
Sample 761:	 C_result: 28	 Keras_result: 1	 Actual_result: 2	 P(28): 0.130333	 P(1): 0.100891	 delta_P: 0.029443
Sample 762:	 result: 20
Sample 763:	 result: 1
Sample 764:	 result: 54
Sample 765:	 result: 5
Sample 766:	 result: 3
Sample 767:	 result: 2
Sample 768:	 result: 4
Sample 769:	 result: 13
Sample 770:	 result: 1
Sample 771:	 result: 9
Sample 772:	 result: 1
Sample 773:	 result: 55
Sample 774:	 result: 13
Sample 775:	 result: 8
Sample 776:	 result: 170
Sample 777:	 C_result: 12	 Keras_result: 5	 Actual_result: 403	 P(12): 0.140423	 P(5): 0.056800	 delta_P: 0.083623
Sample 778:	 result: 1
Sample 779:	 result: 1717
Sample 780:	 result: 3546
Sample 781:	 result: 9
Sample 782:	 result: 7
Sample 783:	 C_result: 35	 Keras_result: 12	 Actual_result: 104	 P(35): 0.157552	 P(12): 0.141148	 delta_P: 0.016403
Sample 784:	 C_result: 226	 Keras_result: 370	 Actual_result: 447	 P(226): 0.396898	 P(370): 0.142905	 delta_P: 0.253993
Sample 785:	 result: 9
Sample 786:	 C_result: 134	 Keras_result: 19	 Actual_result: 661	 P(134): 0.024900	 P(19): 0.015009	 delta_P: 0.009891
Sample 787:	 result: 9
Sample 788:	 result: 1
Sample 789:	 result: 1
Sample 790:	 result: 238
Sample 791:	 result: 1
Sample 792:	 C_result: 5	 Keras_result: 4	 Actual_result: 35	 P(5): 0.242578	 P(4): 0.195794	 delta_P: 0.046784
Sample 793:	 result: 1
Sample 794:	 C_result: 1467	 Keras_result: 16	 Actual_result: 104	 P(1467): 0.102559	 P(16): 0.061181	 delta_P: 0.041378
Sample 795:	 C_result: 1244	 Keras_result: 34	 Actual_result: 34	 P(1244): 0.105405	 P(34): 0.040393	 delta_P: 0.065013
Sample 796:	 C_result: 85	 Keras_result: 54	 Actual_result: 85	 P(85): 0.060061	 P(54): 0.058081	 delta_P: 0.001980
Sample 797:	 C_result: 9	 Keras_result: 20	 Actual_result: 22	 P(9): 0.035807	 P(20): 0.027564	 delta_P: 0.008243
Sample 798:	 result: 3
Sample 799:	 result: 37
Sample 800:	 result: 3
Sample 801:	 result: 1
Sample 802:	 C_result: 20	 Keras_result: 9	 Actual_result: 50	 P(20): 0.079193	 P(9): 0.040419	 delta_P: 0.038773
Sample 803:	 result: 9
Sample 804:	 C_result: 10	 Keras_result: 4	 Actual_result: 112	 P(10): 0.086691	 P(4): 0.002275	 delta_P: 0.084415
Sample 805:	 result: 1
Sample 806:	 C_result: 1	 Keras_result: 2	 Actual_result: 1	 P(1): 0.325918	 P(2): 0.317182	 delta_P: 0.008736
Sample 807:	 result: 1
Sample 808:	 result: 9
Sample 809:	 result: 17
Sample 810:	 result: 13
Sample 811:	 result: 8
Sample 812:	 result: 1
Sample 813:	 result: 9
Sample 814:	 result: 1469
Sample 815:	 result: 1
Sample 816:	 C_result: 3007	 Keras_result: 20	 Actual_result: 1303	 P(3007): 0.155920	 P(20): 0.080998	 delta_P: 0.074922
Sample 817:	 result: 5
Sample 818:	 result: 4
Sample 819:	 result: 24
Sample 820:	 result: 6
Sample 821:	 C_result: 10	 Keras_result: 7	 Actual_result: 5	 P(10): 0.104433	 P(7): 0.075920	 delta_P: 0.028514
Sample 822:	 C_result: 66	 Keras_result: 30	 Actual_result: 51	 P(66): 0.209421	 P(30): 0.146446	 delta_P: 0.062975
Sample 823:	 result: 9
Sample 824:	 result: 3
Sample 825:	 C_result: 3	 Keras_result: 5	 Actual_result: 15	 P(3): 0.061822	 P(5): 0.048340	 delta_P: 0.013482
Sample 826:	 result: 10
Sample 827:	 result: 9
Sample 828:	 result: 1
Sample 829:	 result: 26
Sample 830:	 result: 11
Sample 831:	 result: 1
Sample 832:	 result: 17
Sample 833:	 result: 9
Sample 834:	 result: 4
Sample 835:	 result: 9
Sample 836:	 C_result: 11	 Keras_result: 4	 Actual_result: 6	 P(11): 0.098712	 P(4): 0.043684	 delta_P: 0.055028
Sample 837:	 result: 495
Sample 838:	 result: 495
Sample 839:	 C_result: 679	 Keras_result: 144	 Actual_result: 679	 P(679): 0.198422	 P(144): 0.064224	 delta_P: 0.134198
Sample 840:	 result: 4
Sample 841:	 result: 4
Sample 842:	 result: 1
Sample 843:	 result: 6
Sample 844:	 result: 2
Sample 845:	 result: 47
Sample 846:	 result: 21
Sample 847:	 result: 22
Sample 848:	 result: 1
Sample 849:	 result: 72
Sample 850:	 result: 37
Sample 851:	 result: 10
Sample 852:	 result: 5
Sample 853:	 result: 1
Sample 854:	 result: 13
Sample 855:	 result: 774
Sample 856:	 result: 6
Sample 857:	 result: 51
Sample 858:	 result: 3
Sample 859:	 result: 1
Sample 860:	 result: 83
Sample 861:	 result: 3
Sample 862:	 result: 3
Sample 863:	 result: 13
Sample 864:	 result: 4
Sample 865:	 result: 42
Sample 866:	 C_result: 15571	 Keras_result: 5633	 Actual_result: 235	 P(15571): 0.172641	 P(5633): 0.064687	 delta_P: 0.107954
Sample 867:	 C_result: 15427	 Keras_result: 5	 Actual_result: 2	 P(15427): 0.045246	 P(5): 0.001574	 delta_P: 0.043672
Sample 868:	 C_result: 77	 Keras_result: 4	 Actual_result: 4	 P(77): 0.092049	 P(4): 0.016214	 delta_P: 0.075835
Sample 869:	 result: 219
Sample 870:	 C_result: 210	 Keras_result: 4	 Actual_result: 669	 P(210): 0.077736	 P(4): 0.023335	 delta_P: 0.054401
Sample 871:	 result: 1525
Sample 872:	 result: 3
Sample 873:	 C_result: 11	 Keras_result: 4	 Actual_result: 60	 P(11): 0.206750	 P(4): 0.173396	 delta_P: 0.033354
Sample 874:	 result: 1
Sample 875:	 result: 6
Sample 876:	 result: 4
Sample 877:	 result: 1
Sample 878:	 result: 4
Sample 879:	 result: 1
Sample 880:	 result: 8
Sample 881:	 C_result: 4	 Keras_result: 5	 Actual_result: 24	 P(4): 0.150687	 P(5): 0.145394	 delta_P: 0.005293
Sample 882:	 result: 1
Sample 883:	 result: 17
Sample 884:	 result: 9
Sample 885:	 result: 5
Sample 886:	 result: 6
Sample 887:	 result: 13
Sample 888:	 C_result: 189	 Keras_result: 81	 Actual_result: 501	 P(189): 0.154656	 P(81): 0.154582	 delta_P: 0.000073
Sample 889:	 result: 1
Sample 890:	 result: 1201
Sample 891:	 result: 3
Sample 892:	 result: 59
Sample 893:	 result: 17
Sample 894:	 result: 114
Sample 895:	 result: 7
Sample 896:	 result: 3
Sample 897:	 C_result: 3	 Keras_result: 1	 Actual_result: 3	 P(3): 0.164105	 P(1): 0.107651	 delta_P: 0.056454
Sample 898:	 result: 7
Sample 899:	 result: 4
Sample 900:	 result: 81
Sample 901:	 result: 10
Sample 902:	 result: 39
Sample 903:	 result: 13
Sample 904:	 result: 6
Sample 905:	 result: 165
Sample 906:	 result: 72
Sample 907:	 result: 16156
Sample 908:	 result: 1
Sample 909:	 result: 9
Sample 910:	 result: 13
Sample 911:	 result: 111
Sample 912:	 result: 72
Sample 913:	 result: 4
Sample 914:	 result: 89
Sample 915:	 result: 21
Sample 916:	 result: 13
Sample 917:	 result: 302
Sample 918:	 result: 13
Sample 919:	 result: 3
Sample 920:	 result: 22
Sample 921:	 result: 257
Sample 922:	 result: 13
Sample 923:	 C_result: 6	 Keras_result: 60	 Actual_result: 246	 P(6): 0.062224	 P(60): 0.045707	 delta_P: 0.016517
Sample 924:	 result: 21
Sample 925:	 result: 212
Sample 926:	 result: 10
Sample 927:	 result: 614
Sample 928:	 result: 203
Sample 929:	 result: 1
Sample 930:	 result: 182
Sample 931:	 result: 1
Sample 932:	 result: 12
Sample 933:	 C_result: 1576	 Keras_result: 22	 Actual_result: 568	 P(1576): 0.037550	 P(22): 0.028007	 delta_P: 0.009544
Sample 934:	 result: 24
Sample 935:	 result: 1
Sample 936:	 result: 9
Sample 937:	 result: 2
Sample 938:	 C_result: 46	 Keras_result: 15	 Actual_result: 27	 P(46): 0.119314	 P(15): 0.096617	 delta_P: 0.022697
Sample 939:	 result: 2862
Sample 940:	 C_result: 2	 Keras_result: 1	 Actual_result: 262	 P(2): 0.220619	 P(1): 0.200821	 delta_P: 0.019798
Sample 941:	 result: 111
Sample 942:	 result: 5
Sample 943:	 result: 19
Sample 944:	 C_result: 7	 Keras_result: 24	 Actual_result: 79	 P(7): 0.199637	 P(24): 0.111330	 delta_P: 0.088307
Sample 945:	 result: 2
Sample 946:	 result: 2
Sample 947:	 result: 3
Sample 948:	 result: 1982
Sample 949:	 result: 1
Sample 950:	 result: 9
Sample 951:	 C_result: 15	 Keras_result: 6	 Actual_result: 4	 P(15): 0.105768	 P(6): 0.091650	 delta_P: 0.014118
Sample 952:	 result: 7
Sample 953:	 C_result: 134	 Keras_result: 19	 Actual_result: 8	 P(134): 0.019635	 P(19): 0.016742	 delta_P: 0.002893
Sample 954:	 result: 3
Sample 955:	 result: 13
Sample 956:	 C_result: 88	 Keras_result: 345	 Actual_result: 367	 P(88): 0.067556	 P(345): 0.067303	 delta_P: 0.000253
Sample 957:	 result: 3
Sample 958:	 result: 9
Sample 959:	 C_result: 65	 Keras_result: 719	 Actual_result: 872	 P(65): 0.272611	 P(719): 0.161666	 delta_P: 0.110946
Correctness:
	Keras:0.281250
	C:0.278125
Press any key then ENTER to end the program
