data samples: 
                                      patent_abstract  ...                                       patent_title
0  " A ""Barometer"" Neuron enhances stability in...  ...        """Barometer"" neuron for a neural network"
1  " This invention is a novel high-speed neural ...  ...  "Electronic neural network for solving ""trave...
2  An optical information processor for use as a ...  ...  3 layer liquid crystal neural network with out...
3  A method and system for intelligent control of...  ...  3-brain architecture for an intelligent decisi...
4  A method and system for intelligent control of...  ...  3-brain architecture for an intelligent decisi...

[5 rows x 4 columns]
There are 16192 unique words.
There are 318563 training sequences.
most frequent words: 
 [('the', 30760), ('a', 21442), ('of', 20157), ('.', 16554), (',', 15415), ('and', 12563), ('to', 12012), ('network', 7618), ('neural', 7235), ('is', 7211), ('for', 6779), ('in', 6131), ('The', 5813), ('an', 5286), ('data', 3971)]
glove.shape: (400000, 101)
glove sample: 
 ['the' '-0.038194' '-0.24487' '0.72812' '-0.39961' '0.083172' '0.043953'
 '-0.39141' '0.3344' '-0.57545' '0.087459' '0.28787' '-0.06731' '0.30906'
 '-0.26384' '-0.13231' '-0.20757' '0.33395' '-0.33848' '-0.31743'
 '-0.48336' '0.1464' '-0.37304' '0.34577' '0.052041' '0.44946' '-0.46971'
 '0.02628' '-0.54155' '-0.15518' '-0.14107' '-0.039722' '0.28277'
 '0.14393' '0.23464' '-0.31021' '0.086173' '0.20397' '0.52624' '0.17164'
 '-0.082378' '-0.71787' '-0.41531' '0.20335' '-0.12763' '0.41367'
 '0.55187' '0.57908' '-0.33477' '-0.36559' '-0.54857' '-0.062892'
 '0.26584' '0.30205' '0.99775' '-0.80481' '-3.0243' '0.01254' '-0.36942'
 '2.2167' '0.72201' '-0.24978' '0.92136' '0.034514' '0.46745' '1.1079'
 '-0.19358' '-0.074575' '0.23353' '-0.052062' '-0.22044' '0.057162'
 '-0.15806' '-0.30798' '-0.41625' '0.37972' '0.15006' '-0.53212' '-0.2055'
 '-1.2526' '0.071624' '0.70565' '0.49744' '-0.42063' '0.26148' '-1.538'
 '-0.30223' '-0.073438' '-0.28312' '0.37104' '-0.25217' '0.016215'
 '-0.017099' '-0.38984' '0.87424' '-0.72569' '-0.51058' '-0.52028'
 '-0.1459' '0.8278' '0.27062']
vectors: 
 [-3.9551e-01  5.4660e-01  5.0315e-01 -6.3682e-01 -4.5470e-01  3.0889e-01
 -4.9240e-02  2.7191e-01  3.1562e-01 -3.2879e-01  2.5089e-01  1.4508e-01
  3.5136e-01 -2.2793e-01 -1.5894e-01 -5.1527e-01 -2.7978e-01  3.6470e-01
 -3.9425e-01  3.3299e-01  4.3051e-01  1.8300e-01  2.5095e-01 -1.8547e-01
  3.4698e-01  5.5137e-02 -4.5979e-01 -8.2963e-01 -1.8523e-02 -3.6772e-01
  4.5566e-02  7.1052e-01 -2.2782e-02 -8.0889e-02  2.0685e-01  4.9855e-01
 -5.9794e-02 -8.0048e-03 -2.3823e-01 -3.3759e-01 -2.4201e-01 -2.3788e-01
 -1.1362e-03 -4.0395e-01 -4.4859e-01 -3.2189e-01  4.8405e-01 -2.7999e-02
  1.0148e-01 -9.3585e-01 -8.7522e-02 -3.9959e-01  3.6545e-01  1.3726e+00
 -3.0713e-01 -2.5940e+00  2.2431e-01 -4.1168e-02  1.7765e+00  4.0010e-01
 -1.0996e-01  1.4178e+00 -2.6154e-01  1.8617e-01  7.9328e-01 -1.1709e-01
  8.7541e-01  4.3911e-01  3.4711e-01 -2.8515e-01  7.6269e-02 -6.3038e-01
  1.6408e-01 -3.7053e-01  5.8485e-01 -1.5472e-01 -2.6382e-01 -1.8590e-01
 -7.5228e-01 -1.5752e-01  7.8539e-01 -1.8846e-02 -8.0130e-01  1.5561e-01
 -1.8624e+00 -1.6969e-01  1.9419e-01 -3.0683e-01 -7.8067e-01 -4.9689e-01
 -1.8256e-01 -4.2016e-02 -2.6290e-01  5.8531e-02 -4.4664e-01 -9.9765e-02
 -4.3050e-01 -2.3693e-01 -1.4519e-02  3.1981e-01]
words: 
 so
There were 6317 words without pre-trained embeddings.
There were 6317 words without pre-trained embeddings.
embedding matrix shape:  (16192, 100)
Object: y_train   	Size: 3.61071896 GB.
Object: y_valid   	Size: 1.54745336 GB.
_________________________________________________________________
Layer (type)                 Output Shape              Param #   
=================================================================
embedding_1 (Embedding)      (None, None, 100)         1619200   
_________________________________________________________________
masking_1 (Masking)          (None, None, 100)         0         
_________________________________________________________________
simple_rnn_1 (SimpleRNN)     (None, 128)               29312     
_________________________________________________________________
dense_1 (Dense)              (None, 16192)             2088768   
=================================================================
Total params: 3,737,280
Trainable params: 2,118,080
Non-trainable params: 1,619,200
_________________________________________________________________
None

 ----------  start training  ---------- 


 ----------  training end  ---------- 

